     =============================================
         Results from Corg-mass conservation check
 Flux in (fg0+fg1+fg2) :         0.0000000000
 Flux out (burial)     :         0.0000000000
 Flux through reac     :        69.8903892266
 O2-POC-flux           :        43.2767844044
 NO-POC-flux           :         0.3494753028
 Mn-POC-flux           :         0.0044880573
 Fe-POC-flux           :         0.1511325640
 SO-POC-flux           :         0.1809899654
 CH-POC-flux           :        25.9275189327
 Corgrate              :        71.2889261046
     =============================================
   Definition of the fluxes: out of sediment (-) into it (+)
      Units: [umol/cm2/y]
   Flux O2         :       70.9764325893
   Flux O2 Theory  :       58.9209795164
   Flux NO3        :        0.7125466333
   Flux SO4        :       -0.5972067018
   Flux PO4        :       -2.8680140771
   Flux PO4 Theory :       -0.6725370387
   Flux NH4        :       -5.9717432906
   Flux MnII       :       -0.1020710574
   Flux FeII       :        0.2114899859
   Flux CH4        :       -0.0003698547
     =============================================
     Fluxes at the bottom:                        
   Flux O2         :       -0.0000000000
   Flux NO3        :        0.0000000000
   Flux SO4        :       -0.0082805685
   Flux PO4        :       -0.0066588690
   Flux NH4        :       -0.0922755820
   Flux MnII       :       -0.0045674036
   Flux FeII       :       -0.0316707804
   Flux CH4        :       -0.0007137838
     =============================================
         Vertical integrated secondary redox-rates
 RNHOX                 :        11.8571144826
 RSOX                  :         0.0000248316
 RMNOX                 :         0.0000000398
 RFEOX                 :         1.1853476472
 RMNFE                 :         0.0712715784
 RFENO3                :         0.0000000000
 RMNO2TS               :         0.0000021764
 RCH4OX                :         0.6970540651
 RCH4SO4               :         0.0008076014
 RNO3TS                :         0.0000000000
 RTSFE3                :         0.0000882761
 RFESOX                :         0.5231800237
 RFESFE3               :         0.0008658640
 RFESMN4               :         0.0000028030
 RMnNO3                :         0.0000000005
     =============================================
             Vertical integrated equilibrium rates
  RDCO2                :         0.0000000000
  RDHCO3               :         0.0000000000
  RDCO3                :         0.0000000000
     =============================================
     =============================================
         Results from Corg-mass conservation check
 Flux in (fg0+fg1+fg2) :         0.0000000000
 Flux out (burial)     :         0.0000000000
 Flux through reac     :        69.8903892266
 O2-POC-flux           :        43.2767844044
 NO-POC-flux           :         0.3494753028
 Mn-POC-flux           :         0.0044880573
 Fe-POC-flux           :         0.1511325640
 SO-POC-flux           :         0.1809899654
 CH-POC-flux           :        25.9275189327
 Corgrate              :        71.2889261046
     =============================================
   Definition of the fluxes: out of sediment (-) into it (+)
      Units: [umol/cm2/y]
   Flux O2         :       70.9764325893
   Flux O2 Theory  :       58.9209795164
   Flux NO3        :        0.7125466333
   Flux SO4        :       -0.5972067018
   Flux PO4        :       -2.8680140771
   Flux PO4 Theory :       -0.6725370387
   Flux NH4        :       -5.9717432906
   Flux MnII       :       -0.1020710574
   Flux FeII       :        0.2114899859
   Flux CH4        :       -0.0003698547
     =============================================
     Fluxes at the bottom:                        
   Flux O2         :       -0.0000000000
   Flux NO3        :        0.0000000000
   Flux SO4        :       -0.0082805685
   Flux PO4        :       -0.0066588690
   Flux NH4        :       -0.0922755820
   Flux MnII       :       -0.0045674036
   Flux FeII       :       -0.0316707804
   Flux CH4        :       -0.0007137838
     =============================================
         Vertical integrated secondary redox-rates
 RNHOX                 :        11.8571144826
 RSOX                  :         0.0000248316
 RMNOX                 :         0.0000000398
 RFEOX                 :         1.1853476472
 RMNFE                 :         0.0712715784
 RFENO3                :         0.0000000000
 RMNO2TS               :         0.0000021764
 RCH4OX                :         0.6970540651
 RCH4SO4               :         0.0008076014
 RNO3TS                :         0.0000000000
 RTSFE3                :         0.0000882761
 RFESOX                :         0.5231800237
 RFESFE3               :         0.0008658640
 RFESMN4               :         0.0000028030
 RMnNO3                :         0.0000000005
     =============================================
             Vertical integrated equilibrium rates
  RDCO2                :         0.0000000000
  RDHCO3               :         0.0000000000
  RDCO3                :         0.0000000000
     =============================================
     =============================================
         Results from Corg-mass conservation check
 Flux in (fg0+fg1+fg2) :         0.0000000000
 Flux out (burial)     :         0.0000000000
 Flux through reac     :        69.8903892266
 O2-POC-flux           :        43.2767844044
 NO-POC-flux           :         0.3494753028
 Mn-POC-flux           :         0.0044880573
 Fe-POC-flux           :         0.1511325640
 SO-POC-flux           :         0.1809899654
 CH-POC-flux           :        25.9275189327
 Corgrate              :        71.2889261046
     =============================================
   Definition of the fluxes: out of sediment (-) into it (+)
      Units: [umol/cm2/y]
   Flux O2         :       70.9764325893
   Flux O2 Theory  :       58.9209795164
   Flux NO3        :        0.7125466333
   Flux SO4        :       -0.5972067018
   Flux PO4        :       -2.8680140771
   Flux PO4 Theory :       -0.6725370387
   Flux NH4        :       -5.9717432906
   Flux MnII       :       -0.1020710574
   Flux FeII       :        0.2114899859
   Flux CH4        :       -0.0003698547
     =============================================
     Fluxes at the bottom:                        
   Flux O2         :       -0.0000000000
   Flux NO3        :        0.0000000000
   Flux SO4        :       -0.0082805685
   Flux PO4        :       -0.0066588690
   Flux NH4        :       -0.0922755820
   Flux MnII       :       -0.0045674036
   Flux FeII       :       -0.0316707804
   Flux CH4        :       -0.0007137838
     =============================================
         Vertical integrated secondary redox-rates
 RNHOX                 :        11.8571144826
 RSOX                  :         0.0000248316
 RMNOX                 :         0.0000000398
 RFEOX                 :         1.1853476472
 RMNFE                 :         0.0712715784
 RFENO3                :         0.0000000000
 RMNO2TS               :         0.0000021764
 RCH4OX                :         0.6970540651
 RCH4SO4               :         0.0008076014
 RNO3TS                :         0.0000000000
 RTSFE3                :         0.0000882761
 RFESOX                :         0.5231800237
 RFESFE3               :         0.0008658640
 RFESMN4               :         0.0000028030
 RMnNO3                :         0.0000000005
     =============================================
             Vertical integrated equilibrium rates
  RDCO2                :         0.0000000000
  RDHCO3               :         0.0000000000
  RDCO3                :         0.0000000000
     =============================================
