     =============================================
         Results from Corg-mass conservation check
 Flux in (fg0+fg1+fg2) :         0.0000000000
 Flux out (burial)     :         0.0000000000
 Flux through reac     :        92.4403284549
 O2-POC-flux           :        21.1813581393
 NO-POC-flux           :         0.1854415335
 Mn-POC-flux           :         0.0024585429
 Fe-POC-flux           :         0.1870168226
 SO-POC-flux           :         0.0229826296
 CH-POC-flux           :        70.8610707869
 Corgrate              :        94.0588313075
     =============================================
   Definition of the fluxes: out of sediment (-) into it (+)
      Units: [umol/cm2/y]
   Flux O2         :       42.9249631309
   Flux O2 Theory  :       28.7722267651
   Flux NO3        :        0.3847685520
   Flux SO4        :       -0.0145226703
   Flux PO4        :       -1.8841752824
   Flux PO4 Theory :       -0.8873474652
   Flux NH4        :       -4.1816478360
   Flux MnII       :       -0.0567924683
   Flux FeII       :       -0.0150820245
   Flux CH4        :       -0.0007960977
     =============================================
     Fluxes at the bottom:                        
   Flux O2         :        0.0000000000
   Flux NO3        :        0.0000000000
   Flux SO4        :       -0.0001611941
   Flux PO4        :        0.0017356500
   Flux NH4        :       -0.1849901877
   Flux MnII       :       -0.0024076090
   Flux FeII       :       -0.0314668690
   Flux CH4        :       -0.0030427444
     =============================================
         Vertical integrated secondary redox-rates
 RNHOX                 :        11.2639931553
 RSOX                  :         0.0000029357
 RMNOX                 :         0.0000000359
 RFEOX                 :         0.2789499679
 RMNFE                 :         0.0544940293
 RFENO3                :         0.0000000000
 RMNO2TS               :         0.0000001746
 RCH4OX                :         0.4587702410
 RCH4SO4               :         0.0003349800
 RNO3TS                :         0.0000000000
 RTSFE3                :         0.0000220519
 RFESOX                :         0.0119424394
 RFESFE3               :         0.0000610075
 RFESMN4               :         0.0000000521
 RMnNO3                :         0.0000000008
     =============================================
             Vertical integrated equilibrium rates
  RDCO2                :         0.0000000000
  RDHCO3               :         0.0000000000
  RDCO3                :         0.0000000000
     =============================================
     =============================================
         Results from Corg-mass conservation check
 Flux in (fg0+fg1+fg2) :         0.0000000000
 Flux out (burial)     :         0.0000000000
 Flux through reac     :        92.4403284549
 O2-POC-flux           :        21.1813581393
 NO-POC-flux           :         0.1854415335
 Mn-POC-flux           :         0.0024585429
 Fe-POC-flux           :         0.1870168226
 SO-POC-flux           :         0.0229826296
 CH-POC-flux           :        70.8610707869
 Corgrate              :        94.0588313075
     =============================================
   Definition of the fluxes: out of sediment (-) into it (+)
      Units: [umol/cm2/y]
   Flux O2         :       42.9249631309
   Flux O2 Theory  :       28.7722267651
   Flux NO3        :        0.3847685520
   Flux SO4        :       -0.0145226703
   Flux PO4        :       -1.8841752824
   Flux PO4 Theory :       -0.8873474652
   Flux NH4        :       -4.1816478360
   Flux MnII       :       -0.0567924683
   Flux FeII       :       -0.0150820245
   Flux CH4        :       -0.0007960977
     =============================================
     Fluxes at the bottom:                        
   Flux O2         :        0.0000000000
   Flux NO3        :        0.0000000000
   Flux SO4        :       -0.0001611941
   Flux PO4        :        0.0017356500
   Flux NH4        :       -0.1849901877
   Flux MnII       :       -0.0024076090
   Flux FeII       :       -0.0314668690
   Flux CH4        :       -0.0030427444
     =============================================
         Vertical integrated secondary redox-rates
 RNHOX                 :        11.2639931553
 RSOX                  :         0.0000029357
 RMNOX                 :         0.0000000359
 RFEOX                 :         0.2789499679
 RMNFE                 :         0.0544940293
 RFENO3                :         0.0000000000
 RMNO2TS               :         0.0000001746
 RCH4OX                :         0.4587702410
 RCH4SO4               :         0.0003349800
 RNO3TS                :         0.0000000000
 RTSFE3                :         0.0000220519
 RFESOX                :         0.0119424394
 RFESFE3               :         0.0000610075
 RFESMN4               :         0.0000000521
 RMnNO3                :         0.0000000008
     =============================================
             Vertical integrated equilibrium rates
  RDCO2                :         0.0000000000
  RDHCO3               :         0.0000000000
  RDCO3                :         0.0000000000
     =============================================
     =============================================
         Results from Corg-mass conservation check
 Flux in (fg0+fg1+fg2) :         0.0000000000
 Flux out (burial)     :         0.0000000000
 Flux through reac     :        92.4403284549
 O2-POC-flux           :        21.1813581393
 NO-POC-flux           :         0.1854415335
 Mn-POC-flux           :         0.0024585429
 Fe-POC-flux           :         0.1870168226
 SO-POC-flux           :         0.0229826296
 CH-POC-flux           :        70.8610707869
 Corgrate              :        94.0588313075
     =============================================
   Definition of the fluxes: out of sediment (-) into it (+)
      Units: [umol/cm2/y]
   Flux O2         :       42.9249631309
   Flux O2 Theory  :       28.7722267651
   Flux NO3        :        0.3847685520
   Flux SO4        :       -0.0145226703
   Flux PO4        :       -1.8841752824
   Flux PO4 Theory :       -0.8873474652
   Flux NH4        :       -4.1816478360
   Flux MnII       :       -0.0567924683
   Flux FeII       :       -0.0150820245
   Flux CH4        :       -0.0007960977
     =============================================
     Fluxes at the bottom:                        
   Flux O2         :        0.0000000000
   Flux NO3        :        0.0000000000
   Flux SO4        :       -0.0001611941
   Flux PO4        :        0.0017356500
   Flux NH4        :       -0.1849901877
   Flux MnII       :       -0.0024076090
   Flux FeII       :       -0.0314668690
   Flux CH4        :       -0.0030427444
     =============================================
         Vertical integrated secondary redox-rates
 RNHOX                 :        11.2639931553
 RSOX                  :         0.0000029357
 RMNOX                 :         0.0000000359
 RFEOX                 :         0.2789499679
 RMNFE                 :         0.0544940293
 RFENO3                :         0.0000000000
 RMNO2TS               :         0.0000001746
 RCH4OX                :         0.4587702410
 RCH4SO4               :         0.0003349800
 RNO3TS                :         0.0000000000
 RTSFE3                :         0.0000220519
 RFESOX                :         0.0119424394
 RFESFE3               :         0.0000610075
 RFESMN4               :         0.0000000521
 RMnNO3                :         0.0000000008
     =============================================
             Vertical integrated equilibrium rates
  RDCO2                :         0.0000000000
  RDHCO3               :         0.0000000000
  RDCO3                :         0.0000000000
     =============================================
