     =============================================
         Results from Corg-mass conservation check
 Flux in (fg0+fg1+fg2) :         0.0000000000
 Flux out (burial)     :         0.0000000000
 Flux through reac     :        86.4209237583
 O2-POC-flux           :         5.7790977679
 NO-POC-flux           :         1.1285585611
 Mn-POC-flux           :         0.0000746331
 Fe-POC-flux           :        72.0998034822
 SO-POC-flux           :         6.9141342014
 CH-POC-flux           :         0.4992551126
 Corgrate              :        87.5712797181
     =============================================
   Definition of the fluxes: out of sediment (-) into it (+)
      Units: [umol/cm2/y]
   Flux O2         :      151.8893825178
   Flux O2 Theory  :      507.5131042168
   Flux NO3        :        2.2432255500
   Flux SO4        :        2.7992616451
   Flux PO4        :       -2.6508719518
   Flux PO4 Theory :       -0.8261441483
   Flux NH4        :      -17.3465865836
   Flux MnII       :       -0.1202159002
   Flux FeII       :     -432.9035073652
   Flux CH4        :       -0.0011421599
     =============================================
     Fluxes at the bottom:                        
   Flux O2         :       -0.0000000000
   Flux NO3        :        0.0000000000
   Flux SO4        :      -14.5340697289
   Flux PO4        :       -0.0047513134
   Flux NH4        :       -0.1076667222
   Flux MnII       :       -0.0036121958
   Flux FeII       :       -2.6479045554
   Flux CH4        :       -0.0000172767
     =============================================
         Vertical integrated secondary redox-rates
 RNHOX                 :         0.9071095794
 RSOX                  :         0.0000016307
 RMNOX                 :         0.0000000041
 RFEOX                 :       499.9141533160
 RMNFE                 :         0.0920504642
 RFENO3                :         0.0000000062
 RMNO2TS               :         0.0000000009
 RCH4OX                :         0.0376082896
 RCH4SO4               :         0.1772260374
 RNO3TS                :         0.0000000000
 RTSFE3                :         0.9220583518
 RFESOX                :        11.1568147393
 RFESFE3               :        45.8752793605
 RFESMN4               :         0.0000034969
 RMnNO3                :         0.0000000001
     =============================================
             Vertical integrated equilibrium rates
  RDCO2                :         0.0000000000
  RDHCO3               :         0.0000000000
  RDCO3                :         0.0000000000
     =============================================
     =============================================
         Results from Corg-mass conservation check
 Flux in (fg0+fg1+fg2) :         0.0000000000
 Flux out (burial)     :         0.0000000000
 Flux through reac     :        86.4209237583
 O2-POC-flux           :         5.7790977679
 NO-POC-flux           :         1.1285585611
 Mn-POC-flux           :         0.0000746331
 Fe-POC-flux           :        72.0998034822
 SO-POC-flux           :         6.9141342014
 CH-POC-flux           :         0.4992551126
 Corgrate              :        87.5712797181
     =============================================
   Definition of the fluxes: out of sediment (-) into it (+)
      Units: [umol/cm2/y]
   Flux O2         :      151.8893825178
   Flux O2 Theory  :      507.5131042168
   Flux NO3        :        2.2432255500
   Flux SO4        :        2.7992616451
   Flux PO4        :       -2.6508719518
   Flux PO4 Theory :       -0.8261441483
   Flux NH4        :      -17.3465865836
   Flux MnII       :       -0.1202159002
   Flux FeII       :     -432.9035073652
   Flux CH4        :       -0.0011421599
     =============================================
     Fluxes at the bottom:                        
   Flux O2         :       -0.0000000000
   Flux NO3        :        0.0000000000
   Flux SO4        :      -14.5340697289
   Flux PO4        :       -0.0047513134
   Flux NH4        :       -0.1076667222
   Flux MnII       :       -0.0036121958
   Flux FeII       :       -2.6479045554
   Flux CH4        :       -0.0000172767
     =============================================
         Vertical integrated secondary redox-rates
 RNHOX                 :         0.9071095794
 RSOX                  :         0.0000016307
 RMNOX                 :         0.0000000041
 RFEOX                 :       499.9141533160
 RMNFE                 :         0.0920504642
 RFENO3                :         0.0000000062
 RMNO2TS               :         0.0000000009
 RCH4OX                :         0.0376082896
 RCH4SO4               :         0.1772260374
 RNO3TS                :         0.0000000000
 RTSFE3                :         0.9220583518
 RFESOX                :        11.1568147393
 RFESFE3               :        45.8752793605
 RFESMN4               :         0.0000034969
 RMnNO3                :         0.0000000001
     =============================================
             Vertical integrated equilibrium rates
  RDCO2                :         0.0000000000
  RDHCO3               :         0.0000000000
  RDCO3                :         0.0000000000
     =============================================
     =============================================
         Results from Corg-mass conservation check
 Flux in (fg0+fg1+fg2) :         0.0000000000
 Flux out (burial)     :         0.0000000000
 Flux through reac     :        86.4209237583
 O2-POC-flux           :         5.7790977679
 NO-POC-flux           :         1.1285585611
 Mn-POC-flux           :         0.0000746331
 Fe-POC-flux           :        72.0998034822
 SO-POC-flux           :         6.9141342014
 CH-POC-flux           :         0.4992551126
 Corgrate              :        87.5712797181
     =============================================
   Definition of the fluxes: out of sediment (-) into it (+)
      Units: [umol/cm2/y]
   Flux O2         :      151.8893825178
   Flux O2 Theory  :      507.5131042168
   Flux NO3        :        2.2432255500
   Flux SO4        :        2.7992616451
   Flux PO4        :       -2.6508719518
   Flux PO4 Theory :       -0.8261441483
   Flux NH4        :      -17.3465865836
   Flux MnII       :       -0.1202159002
   Flux FeII       :     -432.9035073652
   Flux CH4        :       -0.0011421599
     =============================================
     Fluxes at the bottom:                        
   Flux O2         :       -0.0000000000
   Flux NO3        :        0.0000000000
   Flux SO4        :      -14.5340697289
   Flux PO4        :       -0.0047513134
   Flux NH4        :       -0.1076667222
   Flux MnII       :       -0.0036121958
   Flux FeII       :       -2.6479045554
   Flux CH4        :       -0.0000172767
     =============================================
         Vertical integrated secondary redox-rates
 RNHOX                 :         0.9071095794
 RSOX                  :         0.0000016307
 RMNOX                 :         0.0000000041
 RFEOX                 :       499.9141533160
 RMNFE                 :         0.0920504642
 RFENO3                :         0.0000000062
 RMNO2TS               :         0.0000000009
 RCH4OX                :         0.0376082896
 RCH4SO4               :         0.1772260374
 RNO3TS                :         0.0000000000
 RTSFE3                :         0.9220583518
 RFESOX                :        11.1568147393
 RFESFE3               :        45.8752793605
 RFESMN4               :         0.0000034969
 RMnNO3                :         0.0000000001
     =============================================
             Vertical integrated equilibrium rates
  RDCO2                :         0.0000000000
  RDHCO3               :         0.0000000000
  RDCO3                :         0.0000000000
     =============================================
