     =============================================
         Results from Corg-mass conservation check
 Flux in (fg0+fg1+fg2) :         0.0000000000
 Flux out (burial)     :         0.0000000000
 Flux through reac     :        77.0336046606
 O2-POC-flux           :        14.0627889541
 NO-POC-flux           :         1.0658284442
 Mn-POC-flux           :         0.0000603717
 Fe-POC-flux           :        54.6489474398
 SO-POC-flux           :         6.7528756841
 CH-POC-flux           :         0.5031037667
 Corgrate              :        78.0686071061
     =============================================
   Definition of the fluxes: out of sediment (-) into it (+)
      Units: [umol/cm2/y]
   Flux O2         :      225.2042370502
   Flux O2 Theory  :      487.2105189492
   Flux NO3        :        2.2142161745
   Flux SO4        :        5.4052983550
   Flux PO4        :       -2.9242140552
   Flux PO4 Theory :       -0.7364962935
   Flux NH4        :      -16.1024633887
   Flux MnII       :       -0.1206396529
   Flux FeII       :     -153.4799909305
   Flux CH4        :       -0.0006511566
     =============================================
     Fluxes at the bottom:                        
   Flux O2         :        0.0000000000
   Flux NO3        :        0.0000000000
   Flux SO4        :      -13.0115861326
   Flux PO4        :       -0.0032763824
   Flux NH4        :       -0.1261358546
   Flux MnII       :       -0.0041954089
   Flux FeII       :       -1.5005402567
   Flux CH4        :       -0.0000085179
     =============================================
         Vertical integrated secondary redox-rates
 RNHOX                 :         2.6007896505
 RSOX                  :         0.0000017785
 RMNOX                 :         0.0000000090
 RFEOX                 :       468.8431804315
 RMNFE                 :         0.0854925088
 RFENO3                :         0.0000000077
 RMNO2TS               :         0.0000000005
 RCH4OX                :         0.0295878736
 RCH4SO4               :         0.1745749237
 RNO3TS                :         0.0000000000
 RTSFE3                :         0.8513379000
 RFESOX                :        39.5115169303
 RFESFE3               :        28.2732479889
 RFESMN4               :         0.0000105225
 RMnNO3                :         0.0000000002
     =============================================
             Vertical integrated equilibrium rates
  RDCO2                :         0.0000000000
  RDHCO3               :         0.0000000000
  RDCO3                :         0.0000000000
     =============================================
     =============================================
         Results from Corg-mass conservation check
 Flux in (fg0+fg1+fg2) :         0.0000000000
 Flux out (burial)     :         0.0000000000
 Flux through reac     :        77.0336046606
 O2-POC-flux           :        14.0627889541
 NO-POC-flux           :         1.0658284442
 Mn-POC-flux           :         0.0000603717
 Fe-POC-flux           :        54.6489474398
 SO-POC-flux           :         6.7528756841
 CH-POC-flux           :         0.5031037667
 Corgrate              :        78.0686071061
     =============================================
   Definition of the fluxes: out of sediment (-) into it (+)
      Units: [umol/cm2/y]
   Flux O2         :      225.2042370502
   Flux O2 Theory  :      487.2105189492
   Flux NO3        :        2.2142161745
   Flux SO4        :        5.4052983550
   Flux PO4        :       -2.9242140552
   Flux PO4 Theory :       -0.7364962935
   Flux NH4        :      -16.1024633887
   Flux MnII       :       -0.1206396529
   Flux FeII       :     -153.4799909305
   Flux CH4        :       -0.0006511566
     =============================================
     Fluxes at the bottom:                        
   Flux O2         :        0.0000000000
   Flux NO3        :        0.0000000000
   Flux SO4        :      -13.0115861326
   Flux PO4        :       -0.0032763824
   Flux NH4        :       -0.1261358546
   Flux MnII       :       -0.0041954089
   Flux FeII       :       -1.5005402567
   Flux CH4        :       -0.0000085179
     =============================================
         Vertical integrated secondary redox-rates
 RNHOX                 :         2.6007896505
 RSOX                  :         0.0000017785
 RMNOX                 :         0.0000000090
 RFEOX                 :       468.8431804315
 RMNFE                 :         0.0854925088
 RFENO3                :         0.0000000077
 RMNO2TS               :         0.0000000005
 RCH4OX                :         0.0295878736
 RCH4SO4               :         0.1745749237
 RNO3TS                :         0.0000000000
 RTSFE3                :         0.8513379000
 RFESOX                :        39.5115169303
 RFESFE3               :        28.2732479889
 RFESMN4               :         0.0000105225
 RMnNO3                :         0.0000000002
     =============================================
             Vertical integrated equilibrium rates
  RDCO2                :         0.0000000000
  RDHCO3               :         0.0000000000
  RDCO3                :         0.0000000000
     =============================================
     =============================================
         Results from Corg-mass conservation check
 Flux in (fg0+fg1+fg2) :         0.0000000000
 Flux out (burial)     :         0.0000000000
 Flux through reac     :        77.0336046606
 O2-POC-flux           :        14.0627889541
 NO-POC-flux           :         1.0658284442
 Mn-POC-flux           :         0.0000603717
 Fe-POC-flux           :        54.6489474398
 SO-POC-flux           :         6.7528756841
 CH-POC-flux           :         0.5031037667
 Corgrate              :        78.0686071061
     =============================================
   Definition of the fluxes: out of sediment (-) into it (+)
      Units: [umol/cm2/y]
   Flux O2         :      225.2042370502
   Flux O2 Theory  :      487.2105189492
   Flux NO3        :        2.2142161745
   Flux SO4        :        5.4052983550
   Flux PO4        :       -2.9242140552
   Flux PO4 Theory :       -0.7364962935
   Flux NH4        :      -16.1024633887
   Flux MnII       :       -0.1206396529
   Flux FeII       :     -153.4799909305
   Flux CH4        :       -0.0006511566
     =============================================
     Fluxes at the bottom:                        
   Flux O2         :        0.0000000000
   Flux NO3        :        0.0000000000
   Flux SO4        :      -13.0115861326
   Flux PO4        :       -0.0032763824
   Flux NH4        :       -0.1261358546
   Flux MnII       :       -0.0041954089
   Flux FeII       :       -1.5005402567
   Flux CH4        :       -0.0000085179
     =============================================
         Vertical integrated secondary redox-rates
 RNHOX                 :         2.6007896505
 RSOX                  :         0.0000017785
 RMNOX                 :         0.0000000090
 RFEOX                 :       468.8431804315
 RMNFE                 :         0.0854925088
 RFENO3                :         0.0000000077
 RMNO2TS               :         0.0000000005
 RCH4OX                :         0.0295878736
 RCH4SO4               :         0.1745749237
 RNO3TS                :         0.0000000000
 RTSFE3                :         0.8513379000
 RFESOX                :        39.5115169303
 RFESFE3               :        28.2732479889
 RFESMN4               :         0.0000105225
 RMnNO3                :         0.0000000002
     =============================================
             Vertical integrated equilibrium rates
  RDCO2                :         0.0000000000
  RDHCO3               :         0.0000000000
  RDCO3                :         0.0000000000
     =============================================
